This is pdfTeX, Version 3.14159265-2.6-1.40.16 (TeX Live 2015/Debian) (preloaded format=pdflatex 2016.5.2)  17 JUL 2017 10:38
entering extended mode
 restricted \write18 enabled.
 %&-line parsing enabled.
**data_location.tex
(./data_location.tex
LaTeX2e <2016/02/01>
Babel <3.9q> and hyphenation patterns for 3 language(s) loaded.
(/usr/share/texlive/texmf-dist/tex/latex/base/article.cls
Document Class: article 2014/09/29 v1.4h Standard LaTeX document class
(/usr/share/texlive/texmf-dist/tex/latex/base/size10.clo
File: size10.clo 2014/09/29 v1.4h Standard LaTeX file (size option)
)
\c@part=\count79
\c@section=\count80
\c@subsection=\count81
\c@subsubsection=\count82
\c@paragraph=\count83
\c@subparagraph=\count84
\c@figure=\count85
\c@table=\count86
\abovecaptionskip=\skip41
\belowcaptionskip=\skip42
\bibindent=\dimen102
)
(/usr/share/texlive/texmf-dist/tex/latex/hyperref/hyperref.sty
Package: hyperref 2012/11/06 v6.83m Hypertext links for LaTeX

(/usr/share/texlive/texmf-dist/tex/generic/oberdiek/hobsub-hyperref.sty
Package: hobsub-hyperref 2012/05/28 v1.13 Bundle oberdiek, subset hyperref (HO)


(/usr/share/texlive/texmf-dist/tex/generic/oberdiek/hobsub-generic.sty
Package: hobsub-generic 2012/05/28 v1.13 Bundle oberdiek, subset generic (HO)
Package: hobsub 2012/05/28 v1.13 Construct package bundles (HO)
Package: infwarerr 2010/04/08 v1.3 Providing info/warning/error messages (HO)
Package: ltxcmds 2011/11/09 v1.22 LaTeX kernel commands for general use (HO)
Package: ifluatex 2010/03/01 v1.3 Provides the ifluatex switch (HO)
Package ifluatex Info: LuaTeX not detected.
Package: ifvtex 2010/03/01 v1.5 Detect VTeX and its facilities (HO)
Package ifvtex Info: VTeX not detected.
Package: intcalc 2007/09/27 v1.1 Expandable calculations with integers (HO)
Package: ifpdf 2011/01/30 v2.3 Provides the ifpdf switch (HO)
Package ifpdf Info: pdfTeX in PDF mode is detected.
Package: etexcmds 2011/02/16 v1.5 Avoid name clashes with e-TeX commands (HO)
Package etexcmds Info: Could not find \expanded.
(etexcmds)             That can mean that you are not using pdfTeX 1.50 or
(etexcmds)             that some package has redefined \expanded.
(etexcmds)             In the latter case, load this package earlier.
Package: kvsetkeys 2012/04/25 v1.16 Key value parser (HO)
Package: kvdefinekeys 2011/04/07 v1.3 Define keys (HO)
Package: pdftexcmds 2011/11/29 v0.20 Utility functions of pdfTeX for LuaTeX (HO
)
Package pdftexcmds Info: LuaTeX not detected.
Package pdftexcmds Info: \pdf@primitive is available.
Package pdftexcmds Info: \pdf@ifprimitive is available.
Package pdftexcmds Info: \pdfdraftmode found.
Package: pdfescape 2011/11/25 v1.13 Implements pdfTeX's escape features (HO)
Package: bigintcalc 2012/04/08 v1.3 Expandable calculations on big integers (HO
)
Package: bitset 2011/01/30 v1.1 Handle bit-vector datatype (HO)
Package: uniquecounter 2011/01/30 v1.2 Provide unlimited unique counter (HO)
)
Package hobsub Info: Skipping package `hobsub' (already loaded).
Package: letltxmacro 2010/09/02 v1.4 Let assignment for LaTeX macros (HO)
Package: hopatch 2012/05/28 v1.2 Wrapper for package hooks (HO)
Package: xcolor-patch 2011/01/30 xcolor patch
Package: atveryend 2011/06/30 v1.8 Hooks at the very end of document (HO)
Package atveryend Info: \enddocument detected (standard20110627).
Package: atbegshi 2011/10/05 v1.16 At begin shipout hook (HO)
Package: refcount 2011/10/16 v3.4 Data extraction from label references (HO)
Package: hycolor 2011/01/30 v1.7 Color options for hyperref/bookmark (HO)
)
(/usr/share/texlive/texmf-dist/tex/latex/graphics/keyval.sty
Package: keyval 2014/10/28 v1.15 key=value parser (DPC)
\KV@toks@=\toks14
)
(/usr/share/texlive/texmf-dist/tex/generic/ifxetex/ifxetex.sty
Package: ifxetex 2010/09/12 v0.6 Provides ifxetex conditional
)
(/usr/share/texlive/texmf-dist/tex/latex/oberdiek/auxhook.sty
Package: auxhook 2011/03/04 v1.3 Hooks for auxiliary files (HO)
)
(/usr/share/texlive/texmf-dist/tex/latex/oberdiek/kvoptions.sty
Package: kvoptions 2011/06/30 v3.11 Key value format for package options (HO)
)
\@linkdim=\dimen103
\Hy@linkcounter=\count87
\Hy@pagecounter=\count88

(/usr/share/texlive/texmf-dist/tex/latex/hyperref/pd1enc.def
File: pd1enc.def 2012/11/06 v6.83m Hyperref: PDFDocEncoding definition (HO)
)
\Hy@SavedSpaceFactor=\count89

(/usr/share/texlive/texmf-dist/tex/latex/latexconfig/hyperref.cfg
File: hyperref.cfg 2002/06/06 v1.2 hyperref configuration of TeXLive
)
Package hyperref Info: Hyper figures OFF on input line 4443.
Package hyperref Info: Link nesting OFF on input line 4448.
Package hyperref Info: Hyper index ON on input line 4451.
Package hyperref Info: Plain pages OFF on input line 4458.
Package hyperref Info: Backreferencing OFF on input line 4463.
Package hyperref Info: Implicit mode ON; LaTeX internals redefined.
Package hyperref Info: Bookmarks ON on input line 4688.
\c@Hy@tempcnt=\count90

(/usr/share/texlive/texmf-dist/tex/latex/url/url.sty
\Urlmuskip=\muskip10
Package: url 2013/09/16  ver 3.4  Verb mode for urls, etc.
)
LaTeX Info: Redefining \url on input line 5041.
\XeTeXLinkMargin=\dimen104
\Fld@menulength=\count91
\Field@Width=\dimen105
\Fld@charsize=\dimen106
Package hyperref Info: Hyper figures OFF on input line 6295.
Package hyperref Info: Link nesting OFF on input line 6300.
Package hyperref Info: Hyper index ON on input line 6303.
Package hyperref Info: backreferencing OFF on input line 6310.
Package hyperref Info: Link coloring OFF on input line 6315.
Package hyperref Info: Link coloring with OCG OFF on input line 6320.
Package hyperref Info: PDF/A mode OFF on input line 6325.
LaTeX Info: Redefining \ref on input line 6365.
LaTeX Info: Redefining \pageref on input line 6369.
\Hy@abspage=\count92
\c@Item=\count93
\c@Hfootnote=\count94
)

Package hyperref Message: Driver (autodetected): hpdftex.

(/usr/share/texlive/texmf-dist/tex/latex/hyperref/hpdftex.def
File: hpdftex.def 2012/11/06 v6.83m Hyperref driver for pdfTeX
\Fld@listcount=\count95
\c@bookmark@seq@number=\count96

(/usr/share/texlive/texmf-dist/tex/latex/oberdiek/rerunfilecheck.sty
Package: rerunfilecheck 2011/04/15 v1.7 Rerun checks for auxiliary files (HO)
Package uniquecounter Info: New unique counter `rerunfilecheck' on input line 2
82.
)
\Hy@SectionHShift=\skip43
)
(./data_location.aux)
\openout1 = `data_location.aux'.

LaTeX Font Info:    Checking defaults for OML/cmm/m/it on input line 5.
LaTeX Font Info:    ... okay on input line 5.
LaTeX Font Info:    Checking defaults for T1/cmr/m/n on input line 5.
LaTeX Font Info:    ... okay on input line 5.
LaTeX Font Info:    Checking defaults for OT1/cmr/m/n on input line 5.
LaTeX Font Info:    ... okay on input line 5.
LaTeX Font Info:    Checking defaults for OMS/cmsy/m/n on input line 5.
LaTeX Font Info:    ... okay on input line 5.
LaTeX Font Info:    Checking defaults for OMX/cmex/m/n on input line 5.
LaTeX Font Info:    ... okay on input line 5.
LaTeX Font Info:    Checking defaults for U/cmr/m/n on input line 5.
LaTeX Font Info:    ... okay on input line 5.
LaTeX Font Info:    Checking defaults for PD1/pdf/m/n on input line 5.
LaTeX Font Info:    ... okay on input line 5.
\AtBeginShipoutBox=\box26
Package hyperref Info: Link coloring OFF on input line 5.

(/usr/share/texlive/texmf-dist/tex/latex/hyperref/nameref.sty
Package: nameref 2012/10/27 v2.43 Cross-referencing by name of section

(/usr/share/texlive/texmf-dist/tex/generic/oberdiek/gettitlestring.sty
Package: gettitlestring 2010/12/03 v1.4 Cleanup title references (HO)
)
\c@section@level=\count97
)
LaTeX Info: Redefining \ref on input line 5.
LaTeX Info: Redefining \pageref on input line 5.
LaTeX Info: Redefining \nameref on input line 5.

(./data_location.out) (./data_location.out)
\@outlinefile=\write3
\openout3 = `data_location.out'.

LaTeX Font Info:    External font `cmex10' loaded for size
(Font)              <12> on input line 10.
LaTeX Font Info:    External font `cmex10' loaded for size
(Font)              <8> on input line 10.
LaTeX Font Info:    External font `cmex10' loaded for size
(Font)              <6> on input line 10.
LaTeX Font Info:    External font `cmex10' loaded for size
(Font)              <7> on input line 11.
LaTeX Font Info:    External font `cmex10' loaded for size
(Font)              <5> on input line 11.
 [1

{/var/lib/texmf/fonts/map/pdftex/updmap/pdftex.map}]
Overfull \hbox (2.54518pt too wide) in paragraph at lines 49--50
\OT1/cmr/m/n/10 Here are the main di-rec-to-ries to the data. I will re-fer to 
these paths as []\OT1/cmtt/m/n/10 <rootdir>\OT1/cmr/m/n/10 .
 []


Underfull \hbox (badness 10000) in paragraph at lines 49--50

 []


Overfull \hbox (80.24629pt too wide) in paragraph at lines 51--53
[]\OT1/cmtt/m/n/10 Nearline: /projects/sciteam/bakp/joh/vpaschal/BHBH_vac/GW150
914_large_sep_nospin/ 
 []


Underfull \hbox (badness 10000) in paragraph at lines 51--53

 []


Overfull \hbox (85.49625pt too wide) in paragraph at lines 54--56
[]\OT1/cmtt/m/n/10 Nearline: /projects/sciteam/bakp/joh/vpaschal/BHBH_vac/GW150
914_large_sep_aligned/ 
 []


Underfull \hbox (badness 10000) in paragraph at lines 54--56

 []


Overfull \hbox (101.24611pt too wide) in paragraph at lines 57--59
[]\OT1/cmtt/m/n/10 Nearline: /projects/sciteam/bakp/joh/vpaschal/BHBH_vac/GW150
914_large_sep_misaligned/ 
 []


Underfull \hbox (badness 10000) in paragraph at lines 57--59

 []


Underfull \hbox (badness 10000) in paragraph at lines 74--132

 []


Overfull \hbox (4.66382pt too wide) in paragraph at lines 74--132
\OT1/cmr/m/n/10 url: []$\OT1/cmtt/m/n/10 http : / / research . physics . illino
is . edu / cta / movies / bhbh _ sim / intro _
 []


Underfull \hbox (badness 10000) in paragraph at lines 74--132

 []


Underfull \hbox (badness 10000) in paragraph at lines 74--132

 []


Underfull \hbox (badness 10000) in paragraph at lines 74--132

 []


Underfull \hbox (badness 10000) in paragraph at lines 74--132

 []


Underfull \hbox (badness 10000) in paragraph at lines 74--132

 []


Overfull \hbox (4.66382pt too wide) in paragraph at lines 74--132
\OT1/cmr/m/n/10 url: []$\OT1/cmtt/m/n/10 http : / / research . physics . illino
is . edu / cta / movies / bhbh _ sim / intro _
 []


Underfull \hbox (badness 10000) in paragraph at lines 74--132

 []


Underfull \hbox (badness 10000) in paragraph at lines 74--132

 []


Underfull \hbox (badness 10000) in paragraph at lines 74--132

 []


Underfull \hbox (badness 10000) in paragraph at lines 74--132

 []


Underfull \hbox (badness 10000) in paragraph at lines 74--132

 []


Overfull \hbox (4.66382pt too wide) in paragraph at lines 74--132
\OT1/cmr/m/n/10 url: []$\OT1/cmtt/m/n/10 http : / / research . physics . illino
is . edu / cta / movies / bhbh _ sim / intro _
 []


Underfull \hbox (badness 10000) in paragraph at lines 74--132

 []


Underfull \hbox (badness 10000) in paragraph at lines 74--132

 []


Underfull \hbox (badness 10000) in paragraph at lines 74--132

 []

[2] [3]
Underfull \hbox (badness 10000) in paragraph at lines 176--180

 []


Underfull \hbox (badness 10000) in paragraph at lines 184--185

 []


Overfull \hbox (2.54518pt too wide) in paragraph at lines 187--188
\OT1/cmr/m/n/10 Here are the main di-rec-to-ries to the data. I will re-fer to 
these paths as []\OT1/cmtt/m/n/10 <rootdir>\OT1/cmr/m/n/10 . 
 []


Underfull \hbox (badness 10000) in paragraph at lines 187--188

 []


Overfull \hbox (38.24666pt too wide) in paragraph at lines 189--196
[]\OT1/cmtt/m/n/10 Nearline: /projects/sciteam/bakp/lsun11/8nodes_first/SMS_reg
rid_1_8nodes/ 
 []


Underfull \hbox (badness 10000) in paragraph at lines 189--196

 []


Overfull \hbox (122.24593pt too wide) in paragraph at lines 197--199
[]\OT1/cmtt/m/n/10 Nearline: /projects/sciteam/bakp/lsun11/PURE_HYDRO_TEST_Spee
d_Limit_25_20M_escaping_mass/ 
 []


Underfull \hbox (badness 10000) in paragraph at lines 197--199

 []


Underfull \hbox (badness 10000) in paragraph at lines 214--215

 []


Overfull \hbox (2.54518pt too wide) in paragraph at lines 218--219
\OT1/cmr/m/n/10 Here are the main di-rec-to-ries to the data. I will re-fer to 
these paths as []\OT1/cmtt/m/n/10 <rootdir>\OT1/cmr/m/n/10 .
 []


Underfull \hbox (badness 10000) in paragraph at lines 218--219

 []

[4]
Overfull \hbox (22.4968pt too wide) in paragraph at lines 220--226
[]\OT1/cmtt/m/n/10 Nearline: /projects/sciteam/bakp/wongsutt/Lunan/before_colla
pse_int/0/ 
 []


Overfull \hbox (22.4968pt too wide) in paragraph at lines 220--226
[]\OT1/cmtt/m/n/10 Nearline: /projects/sciteam/bakp/wongsutt/Lunan/before_colla
pse_int/1/ 
 []


Overfull \hbox (22.4968pt too wide) in paragraph at lines 220--226
[]\OT1/cmtt/m/n/10 Nearline: /projects/sciteam/bakp/wongsutt/Lunan/before_colla
pse_int/2/ 
 []


Overfull \hbox (22.4968pt too wide) in paragraph at lines 220--226
[]\OT1/cmtt/m/n/10 Nearline: /projects/sciteam/bakp/wongsutt/Lunan/before_colla
pse_int/3/ 
 []


Overfull \hbox (22.4968pt too wide) in paragraph at lines 220--226
[]\OT1/cmtt/m/n/10 Nearline: /projects/sciteam/bakp/wongsutt/Lunan/before_colla
pse_int/4/ 
 []


Underfull \hbox (badness 10000) in paragraph at lines 220--226

 []


Underfull \hbox (badness 10000) in paragraph at lines 227--229

 []


Underfull \hbox (badness 10000) in paragraph at lines 232--234

 []


Underfull \hbox (badness 10000) in paragraph at lines 240--241

 []


Underfull \hbox (badness 10000) in paragraph at lines 250--253

 []


Overfull \hbox (2.54518pt too wide) in paragraph at lines 256--257
\OT1/cmr/m/n/10 Here are the main di-rec-to-ries to the data. I will re-fer to 
these paths as []\OT1/cmtt/m/n/10 <rootdir>\OT1/cmr/m/n/10 .
 []


Underfull \hbox (badness 10000) in paragraph at lines 256--257

 []


Overfull \hbox (1.49698pt too wide) in paragraph at lines 258--265
[]\OT1/cmtt/m/n/10 Nearline: /projects/sciteam/bakp/wongsutt/Lunan/before_colla
pse/0/ 
 []


Overfull \hbox (1.49698pt too wide) in paragraph at lines 258--265
[]\OT1/cmtt/m/n/10 Nearline: /projects/sciteam/bakp/wongsutt/Lunan/before_colla
pse/1/ 
 []


Overfull \hbox (1.49698pt too wide) in paragraph at lines 258--265
[]\OT1/cmtt/m/n/10 Nearline: /projects/sciteam/bakp/wongsutt/Lunan/before_colla
pse/2/ 
 []


Overfull \hbox (1.49698pt too wide) in paragraph at lines 258--265
[]\OT1/cmtt/m/n/10 Nearline: /projects/sciteam/bakp/wongsutt/Lunan/before_colla
pse/3/ 
 []


Overfull \hbox (1.49698pt too wide) in paragraph at lines 258--265
[]\OT1/cmtt/m/n/10 Nearline: /projects/sciteam/bakp/wongsutt/Lunan/before_colla
pse/4/ 
 []


Overfull \hbox (1.49698pt too wide) in paragraph at lines 258--265
[]\OT1/cmtt/m/n/10 Nearline: /projects/sciteam/bakp/wongsutt/Lunan/before_colla
pse/5/ 
 []


Underfull \hbox (badness 10000) in paragraph at lines 258--265

 []

[5]
Underfull \hbox (badness 10000) in paragraph at lines 266--268

 []


Underfull \hbox (badness 10000) in paragraph at lines 272--274

 []


Underfull \hbox (badness 10000) in paragraph at lines 280--281

 []


Underfull \hbox (badness 10000) in paragraph at lines 290--293

 []


Underfull \hbox (badness 10000) in paragraph at lines 296--299

 []


Underfull \hbox (badness 10000) in paragraph at lines 296--299

 []


Underfull \hbox (badness 10000) in paragraph at lines 300--311

 []

[6]
Underfull \hbox (badness 10000) in paragraph at lines 312--325

 []


Overfull \hbox (15.16373pt too wide) in paragraph at lines 344--369
\OT1/cmr/m/n/10 url: []$\OT1/cmtt/m/n/10 http : / / research . physics . illino
is . edu / cta / movies / SMS _ 2016 / density _
 []


Underfull \hbox (badness 10000) in paragraph at lines 344--369

 []


Underfull \hbox (badness 10000) in paragraph at lines 344--369

 []


Overfull \hbox (25.66364pt too wide) in paragraph at lines 344--369
\OT1/cmr/m/n/10 url: []$\OT1/cmtt/m/n/10 http : / / research . physics . illino
is . edu / cta / movies / SMS _ 2016 / particles _
 []


Underfull \hbox (badness 10000) in paragraph at lines 344--369

 []

[7]
Overfull \hbox (15.16373pt too wide) in paragraph at lines 372--405
\OT1/cmr/m/n/10 url: []$\OT1/cmtt/m/n/10 http : / / research . physics . illino
is . edu / cta / movies / SMS _ 2016 / density _
 []


Underfull \hbox (badness 10000) in paragraph at lines 372--405

 []


Overfull \hbox (7.86171pt too wide) in paragraph at lines 372--405
[] 
 []


Underfull \hbox (badness 10000) in paragraph at lines 372--405

 []


Overfull \hbox (25.66364pt too wide) in paragraph at lines 372--405
\OT1/cmr/m/n/10 url: []$\OT1/cmtt/m/n/10 http : / / research . physics . illino
is . edu / cta / movies / SMS _ 2016 / particles _
 []


Underfull \hbox (badness 10000) in paragraph at lines 372--405

 []


Overfull \hbox (4.5284pt too wide) in paragraph at lines 372--405
[] 
 []


Underfull \hbox (badness 10000) in paragraph at lines 372--405

 []


Overfull \hbox (9.91377pt too wide) in paragraph at lines 372--405
\OT1/cmr/m/n/10 url: []$\OT1/cmtt/m/n/10 http : / / research . physics . illino
is . edu / cta / movies / SMS _ 2016 / gw _ int .
 []


Underfull \hbox (badness 10000) in paragraph at lines 372--405

 []

[8]
Overfull \hbox (15.16373pt too wide) in paragraph at lines 408--432
\OT1/cmr/m/n/10 url: []$\OT1/cmtt/m/n/10 http : / / research . physics . illino
is . edu / cta / movies / SMS _ 2016 / density _
 []


Underfull \hbox (badness 10000) in paragraph at lines 408--432

 []


Overfull \hbox (7.86171pt too wide) in paragraph at lines 408--432
[] 
 []


Underfull \hbox (badness 10000) in paragraph at lines 408--432

 []


Overfull \hbox (25.66364pt too wide) in paragraph at lines 408--432
\OT1/cmr/m/n/10 url: []$\OT1/cmtt/m/n/10 http : / / research . physics . illino
is . edu / cta / movies / SMS _ 2016 / particles _
 []


Underfull \hbox (badness 10000) in paragraph at lines 408--432

 []


Overfull \hbox (4.5284pt too wide) in paragraph at lines 408--432
[] 
 []

Package atveryend Info: Empty hook `BeforeClearDocument' on input line 442.
[9]
Package atveryend Info: Empty hook `AfterLastShipout' on input line 442.
 (./data_location.aux)
Package atveryend Info: Executing hook `AtVeryEndDocument' on input line 442.
Package atveryend Info: Executing hook `AtEndAfterFileList' on input line 442.
Package rerunfilecheck Info: File `data_location.out' has not changed.
(rerunfilecheck)             Checksum: 03114BA679059025C1A1EA159F587347;1385.
Package atveryend Info: Empty hook `AtVeryVeryEnd' on input line 442.
 ) 
Here is how much of TeX's memory you used:
 4280 strings out of 494953
 64324 string characters out of 6180978
 145714 words of memory out of 5000000
 7560 multiletter control sequences out of 15000+600000
 8063 words of font info for 29 fonts, out of 8000000 for 9000
 14 hyphenation exceptions out of 8191
 29i,7n,28p,1138b,319s stack positions out of 5000i,500n,10000p,200000b,80000s
</usr/share/texlive/texmf-dist/fonts/type1/public/amsfonts/cm/cmbx10.pfb></us
r/share/texlive/texmf-dist/fonts/type1/public/amsfonts/cm/cmbx12.pfb></usr/shar
e/texlive/texmf-dist/fonts/type1/public/amsfonts/cm/cmmi10.pfb></usr/share/texl
ive/texmf-dist/fonts/type1/public/amsfonts/cm/cmmi7.pfb></usr/share/texlive/tex
mf-dist/fonts/type1/public/amsfonts/cm/cmr10.pfb></usr/share/texlive/texmf-dist
/fonts/type1/public/amsfonts/cm/cmr12.pfb></usr/share/texlive/texmf-dist/fonts/
type1/public/amsfonts/cm/cmr17.pfb></usr/share/texlive/texmf-dist/fonts/type1/p
ublic/amsfonts/cm/cmr7.pfb></usr/share/texlive/texmf-dist/fonts/type1/public/am
sfonts/cm/cmsy7.pfb></usr/share/texlive/texmf-dist/fonts/type1/public/amsfonts/
cm/cmtt10.pfb>
Output written on data_location.pdf (9 pages, 141304 bytes).
PDF statistics:
 191 PDF objects out of 1000 (max. 8388607)
 168 compressed objects within 2 object streams
 27 named destinations out of 1000 (max. 500000)
 137 words of extra memory for PDF output out of 10000 (max. 10000000)

