This is pdfTeX, Version 3.14159265-2.6-1.40.16 (TeX Live 2015/Debian) (preloaded format=pdflatex 2017.4.28)  22 APR 2019 14:59
entering extended mode
 restricted \write18 enabled.
 %&-line parsing enabled.
**REU_Tutorial_2017_updated.tex
(./REU_Tutorial_2017_updated.tex
LaTeX2e <2016/02/01>
Babel <3.9q> and hyphenation patterns for 3 language(s) loaded.
(/usr/share/texlive/texmf-dist/tex/latex/base/article.cls
Document Class: article 2014/09/29 v1.4h Standard LaTeX document class
(/usr/share/texlive/texmf-dist/tex/latex/base/size10.clo
File: size10.clo 2014/09/29 v1.4h Standard LaTeX file (size option)
)
\c@part=\count79
\c@section=\count80
\c@subsection=\count81
\c@subsubsection=\count82
\c@paragraph=\count83
\c@subparagraph=\count84
\c@figure=\count85
\c@table=\count86
\abovecaptionskip=\skip41
\belowcaptionskip=\skip42
\bibindent=\dimen102
)
(/usr/share/texlive/texmf-dist/tex/latex/base/fontenc.sty
Package: fontenc 2005/09/27 v1.99g Standard LaTeX package

(/usr/share/texlive/texmf-dist/tex/latex/base/t1enc.def
File: t1enc.def 2005/09/27 v1.99g Standard LaTeX file
LaTeX Font Info:    Redeclaring font encoding T1 on input line 48.
))
(/usr/share/texlive/texmf-dist/tex/latex/base/inputenc.sty
Package: inputenc 2015/03/17 v1.2c Input encoding file
\inpenc@prehook=\toks14
\inpenc@posthook=\toks15

(/usr/share/texlive/texmf-dist/tex/latex/base/latin9.def
File: latin9.def 2015/03/17 v1.2c Input encoding file
))
(/usr/share/texlive/texmf-dist/tex/generic/babel/babel.sty
Package: babel 2016/02/24 3.9q The Babel package

(/usr/share/texlive/texmf-dist/tex/generic/babel-english/english.ldf
Language: english 2012/08/20 v3.3p English support from the babel system

(/usr/share/texlive/texmf-dist/tex/generic/babel/babel.def
File: babel.def 2016/02/24 3.9q Babel common definitions
\babel@savecnt=\count87
\U@D=\dimen103
)
\l@british = a dialect from \language\l@english 
\l@UKenglish = a dialect from \language\l@english 
\l@canadian = a dialect from \language\l@american 
\l@australian = a dialect from \language\l@british 
\l@newzealand = a dialect from \language\l@british 
))
(/usr/share/texlive/texmf-dist/tex/latex/amsmath/amsmath.sty
Package: amsmath 2016/03/03 v2.15a AMS math features
\@mathmargin=\skip43

For additional information on amsmath, use the `?' option.
(/usr/share/texlive/texmf-dist/tex/latex/amsmath/amstext.sty
Package: amstext 2000/06/29 v2.01 AMS text

(/usr/share/texlive/texmf-dist/tex/latex/amsmath/amsgen.sty
File: amsgen.sty 1999/11/30 v2.0 generic functions
\@emptytoks=\toks16
\ex@=\dimen104
))
(/usr/share/texlive/texmf-dist/tex/latex/amsmath/amsbsy.sty
Package: amsbsy 1999/11/29 v1.2d Bold Symbols
\pmbraise@=\dimen105
)
(/usr/share/texlive/texmf-dist/tex/latex/amsmath/amsopn.sty
Package: amsopn 1999/12/14 v2.01 operator names
)
\inf@bad=\count88
LaTeX Info: Redefining \frac on input line 199.
\uproot@=\count89
\leftroot@=\count90
LaTeX Info: Redefining \overline on input line 297.
\classnum@=\count91
\DOTSCASE@=\count92
LaTeX Info: Redefining \ldots on input line 394.
LaTeX Info: Redefining \dots on input line 397.
LaTeX Info: Redefining \cdots on input line 518.
\Mathstrutbox@=\box26
\strutbox@=\box27
\big@size=\dimen106
LaTeX Font Info:    Redeclaring font encoding OML on input line 630.
LaTeX Font Info:    Redeclaring font encoding OMS on input line 631.
\macc@depth=\count93
\c@MaxMatrixCols=\count94
\dotsspace@=\muskip10
\c@parentequation=\count95
\dspbrk@lvl=\count96
\tag@help=\toks17
\row@=\count97
\column@=\count98
\maxfields@=\count99
\andhelp@=\toks18
\eqnshift@=\dimen107
\alignsep@=\dimen108
\tagshift@=\dimen109
\tagwidth@=\dimen110
\totwidth@=\dimen111
\lineht@=\dimen112
\@envbody=\toks19
\multlinegap=\skip44
\multlinetaggap=\skip45
\mathdisplay@stack=\toks20
LaTeX Info: Redefining \[ on input line 2735.
LaTeX Info: Redefining \] on input line 2736.
)
(/usr/share/texlive/texmf-dist/tex/latex/amsfonts/amssymb.sty
Package: amssymb 2013/01/14 v3.01 AMS font symbols

(/usr/share/texlive/texmf-dist/tex/latex/amsfonts/amsfonts.sty
Package: amsfonts 2013/01/14 v3.01 Basic AMSFonts support
\symAMSa=\mathgroup4
\symAMSb=\mathgroup5
LaTeX Font Info:    Overwriting math alphabet `\mathfrak' in version `bold'
(Font)                  U/euf/m/n --> U/euf/b/n on input line 106.
))
(./REU_Tutorial_2017_updated.aux)
\openout1 = `REU_Tutorial_2017_updated.aux'.

LaTeX Font Info:    Checking defaults for OML/cmm/m/it on input line 12.
LaTeX Font Info:    ... okay on input line 12.
LaTeX Font Info:    Checking defaults for T1/cmr/m/n on input line 12.
LaTeX Font Info:    ... okay on input line 12.
LaTeX Font Info:    Checking defaults for OT1/cmr/m/n on input line 12.
LaTeX Font Info:    ... okay on input line 12.
LaTeX Font Info:    Checking defaults for OMS/cmsy/m/n on input line 12.
LaTeX Font Info:    ... okay on input line 12.
LaTeX Font Info:    Checking defaults for OMX/cmex/m/n on input line 12.
LaTeX Font Info:    ... okay on input line 12.
LaTeX Font Info:    Checking defaults for U/cmr/m/n on input line 12.
LaTeX Font Info:    ... okay on input line 12.
LaTeX Font Info:    Try loading font information for U+msa on input line 23.

(/usr/share/texlive/texmf-dist/tex/latex/amsfonts/umsa.fd
File: umsa.fd 2013/01/14 v3.01 AMS symbols A
)
LaTeX Font Info:    Try loading font information for U+msb on input line 23.

(/usr/share/texlive/texmf-dist/tex/latex/amsfonts/umsb.fd
File: umsb.fd 2013/01/14 v3.01 AMS symbols B
)
Overfull \hbox (39.75877pt too wide) in paragraph at lines 23--23
 [][] 
 []

[1

{/var/lib/texmf/fonts/map/pdftex/updmap/pdftex.map}]
LaTeX Font Info:    Try loading font information for OMS+cmr on input line 35.

(/usr/share/texlive/texmf-dist/tex/latex/base/omscmr.fd
File: omscmr.fd 2014/09/29 v2.5h Standard LaTeX font definitions
)
LaTeX Font Info:    Font shape `OMS/cmr/m/n' in size <10> not available
(Font)              Font shape `OMS/cmsy/m/n' tried instead on input line 35.
LaTeX Font Info:    Try loading font information for T1+cmtt on input line 41.

(/usr/share/texlive/texmf-dist/tex/latex/base/t1cmtt.fd
File: t1cmtt.fd 2014/09/29 v2.5h Standard LaTeX font definitions
)
LaTeX Font Info:    Font shape `T1/cmtt/bx/n' in size <10> not available
(Font)              Font shape `T1/cmtt/m/n' tried instead on input line 41.

Overfull \hbox (15.08487pt too wide) in paragraph at lines 50--51
\T1/cmtt/m/n/10 world > new.txt \T1/cmr/m/n/10 will mod-ify the file "new.txt" 
(or make a new file "new.txt",
 []

[2

]
Overfull \hbox (55.43613pt too wide) in paragraph at lines 56--61
\T1/cmtt/m/n/10 scp filename colten1@machine.physics.illinois.edu:/home/colten1
/Desktop\T1/cmr/m/n/10 , 
 []


Overfull \hbox (73.6539pt too wide) in paragraph at lines 56--61
\T1/cmtt/m/n/10 scp colten1@machine.physics.illinois.edu:/full/path/to/file /pa
th/to/folder 
 []


Overfull \hbox (24.7214pt too wide) in paragraph at lines 69--70
\T1/cmr/m/n/10 The of-fi-cial doc-u-men-ta-tion is at \T1/cmtt/m/n/10 http://se
d.sourceforge.net/sed1line.txt\T1/cmr/m/n/10 ,
 []


Overfull \hbox (101.64706pt too wide) in paragraph at lines 69--70
\T1/cmr/m/n/10 but if you want a guide, I'd rec-om-mend look-ing here: \T1/cmtt
/m/n/10 http://www.grymoire.com/Unix/Sed.html 
 []

[3] [4]
Overfull \hbox (67.18863pt too wide) in paragraph at lines 121--122
[]\T1/cmr/m/n/10 Useful equa-tions can be found: \T1/cmtt/m/n/10 http://en.wiki
pedia.org/wiki/Magnetic_moment 
 []

[5] [6] [7]
Overfull \hbox (62.60104pt too wide) in paragraph at lines 250--252
[]\T1/cmr/m/n/10 Add the script `batch-set-alph.scm to  /.gimp-BLAHBLAHVERSIONN
UMBER/scripts/
 []

[8]
Overfull \hbox (9.09872pt too wide) in paragraph at lines 281--295
\T1/cmr/m/n/10 func-tion that will do this for you. Maybe its called Open-Datab
ase(databaseName).
 []


Overfull \hbox (5.60883pt too wide) in paragraph at lines 281--295
\T1/cmr/m/n/10 ``/home/projects/TutorialData/myfilename_*.vtk database'' Make s
ure that your
 []

[9] [10] [11]
Overfull \hbox (25.69339pt too wide) in paragraph at lines 374--375
\T1/cmr/m/n/10 are go-ing to work with par-ti-cle seeds, so set []\T1/cmtt/m/n/
10 fields=true\T1/cmr/m/n/10 , []\T1/cmtt/m/n/10 particleSeeds=true\T1/cmr/m/n/
10 ,
 []


Overfull \hbox (2.65952pt too wide) in paragraph at lines 378--379
[]\T1/cmr/m/n/10 Now go to []\T1/cmtt/m/n/10 /path/to/your/abid/bot/bin/particl
e_code/\T1/cmr/m/n/10 . There are three
 []


Overfull \hbox (6.33087pt too wide) in paragraph at lines 378--379
\T1/cmr/m/n/10 files in-volv-ing par-ti-cle picker: []\T1/cmtt/m/n/10 particleP
icker.py\T1/cmr/m/n/10 , []\T1/cmtt/m/n/10 particlePicker-tracer.py\T1/cmr/m/n/
10 ,
 []


Overfull \hbox (77.67456pt too wide) in paragraph at lines 380--381
[]\T1/cmtt/m/n/10 http://research.physics.illinois.edu/cta/movies/NSNS_high_res
/particles_ext.html\T1/cmr/m/n/10 .
 []

[12]
Overfull \hbox (17.62946pt too wide) in paragraph at lines 390--391
\T1/cmr/m/n/10 and you may make the 3D movie us-ing the same data. In []\T1/cmt
t/m/n/10 run_movie_ranks.py
 []


Overfull \hbox (10.04907pt too wide) in paragraph at lines 393--394
[]\T1/cmtt/m/n/10 merge_3D.sh\T1/cmr/m/n/10 , and then []\T1/cmtt/m/n/10 Movie_
maker_3D.sh\T1/cmr/m/n/10 . You can trans-fer your []\T1/cmtt/m/n/10 movies/
 []

[13] [14] (./REU_Tutorial_2017_updated.aux) ) 
Here is how much of TeX's memory you used:
 1859 strings out of 494957
 21380 string characters out of 6181198
 78790 words of memory out of 5000000
 5141 multiletter control sequences out of 15000+600000
 20438 words of font info for 55 fonts, out of 8000000 for 9000
 14 hyphenation exceptions out of 8191
 27i,10n,26p,1083b,255s stack positions out of 5000i,500n,10000p,200000b,80000s
 </home/colten1/.texmf-var/fonts/p
k/ljfour/jknappen/ec/ecti0800.600pk> </home/colten1/.texmf-var/fonts/pk/ljfour/
jknappen/ec/ecrm0800.600pk> </home/colten1/.texmf-var/fonts/pk/ljfour/jknappen/
ec/ecrm0600.600pk> </home/colten1/.texmf-var/fonts/pk/ljfour/jknappen/ec/ecrm07
00.600pk> </home/colten1/.texmf-var/fonts/pk/ljfour/jknappen/ec/ecit1000.600pk>
 </home/colten1/.texmf-var/fonts/pk/ljfour/jknappen/ec/ecbx1200.600pk> </home/c
olten1/.texmf-var/fonts/pk/ljfour/jknappen/ec/ecti1000.600pk> </home/colten1/.t
exmf-var/fonts/pk/ljfour/jknappen/ec/ectt1000.600pk> </home/colten1/.texmf-var/
fonts/pk/ljfour/jknappen/ec/ecbx1000.600pk> </home/colten1/.texmf-var/fonts/pk/
ljfour/jknappen/ec/ecbx1440.600pk> </home/colten1/.texmf-var/fonts/pk/ljfour/jk
nappen/ec/ecrm1000.600pk> </home/colten1/.texmf-var/fonts/pk/ljfour/jknappen/ec
/ecrm1200.600pk> </home/colten1/.texmf-var/fonts/pk/ljfour/jknappen/ec/ecrm1728
.600pk></usr/share/texlive/texmf-dist/fonts/type1/public/amsfonts/cm/cmex10.pfb
></usr/share/texlive/texmf-dist/fonts/type1/public/amsfonts/cm/cmmi10.pfb></usr
/share/texlive/texmf-dist/fonts/type1/public/amsfonts/cm/cmmi12.pfb></usr/share
/texlive/texmf-dist/fonts/type1/public/amsfonts/cm/cmmi5.pfb></usr/share/texliv
e/texmf-dist/fonts/type1/public/amsfonts/cm/cmmi7.pfb></usr/share/texlive/texmf
-dist/fonts/type1/public/amsfonts/cm/cmr10.pfb></usr/share/texlive/texmf-dist/f
onts/type1/public/amsfonts/cm/cmr7.pfb></usr/share/texlive/texmf-dist/fonts/typ
e1/public/amsfonts/cm/cmr8.pfb></usr/share/texlive/texmf-dist/fonts/type1/publi
c/amsfonts/cm/cmsy10.pfb></usr/share/texlive/texmf-dist/fonts/type1/public/amsf
onts/cm/cmsy5.pfb></usr/share/texlive/texmf-dist/fonts/type1/public/amsfonts/cm
/cmsy7.pfb></usr/share/texlive/texmf-dist/fonts/type1/public/amsfonts/cm/cmsy8.
pfb>
Output written on REU_Tutorial_2017_updated.pdf (14 pages, 277816 bytes).
PDF statistics:
 529 PDF objects out of 1000 (max. 8388607)
 0 named destinations out of 1000 (max. 500000)
 1 words of extra memory for PDF output out of 10000 (max. 10000000)

