This is pdfTeX, Version 3.14159265-2.6-1.40.16 (TeX Live 2015/Debian) (preloaded format=pdflatex 2016.5.2)  14 JUL 2017 11:12
entering extended mode
 restricted \write18 enabled.
 %&-line parsing enabled.
**REU_Tutorial_2017.tex
(./REU_Tutorial_2017.tex
LaTeX2e <2016/02/01>
Babel <3.9q> and hyphenation patterns for 3 language(s) loaded.
(/usr/share/texlive/texmf-dist/tex/latex/base/article.cls
Document Class: article 2014/09/29 v1.4h Standard LaTeX document class
(/usr/share/texlive/texmf-dist/tex/latex/base/size10.clo
File: size10.clo 2014/09/29 v1.4h Standard LaTeX file (size option)
)
\c@part=\count79
\c@section=\count80
\c@subsection=\count81
\c@subsubsection=\count82
\c@paragraph=\count83
\c@subparagraph=\count84
\c@figure=\count85
\c@table=\count86
\abovecaptionskip=\skip41
\belowcaptionskip=\skip42
\bibindent=\dimen102
)
(/usr/share/texlive/texmf-dist/tex/latex/base/fontenc.sty
Package: fontenc 2005/09/27 v1.99g Standard LaTeX package

(/usr/share/texlive/texmf-dist/tex/latex/base/t1enc.def
File: t1enc.def 2005/09/27 v1.99g Standard LaTeX file
LaTeX Font Info:    Redeclaring font encoding T1 on input line 48.
))
(/usr/share/texlive/texmf-dist/tex/latex/base/inputenc.sty
Package: inputenc 2015/03/17 v1.2c Input encoding file
\inpenc@prehook=\toks14
\inpenc@posthook=\toks15

(/usr/share/texlive/texmf-dist/tex/latex/base/latin9.def
File: latin9.def 2015/03/17 v1.2c Input encoding file
))
(/usr/share/texlive/texmf-dist/tex/generic/babel/babel.sty
Package: babel 2016/02/24 3.9q The Babel package

(/usr/share/texlive/texmf-dist/tex/generic/babel-english/english.ldf
Language: english 2012/08/20 v3.3p English support from the babel system

(/usr/share/texlive/texmf-dist/tex/generic/babel/babel.def
File: babel.def 2016/02/24 3.9q Babel common definitions
\babel@savecnt=\count87
\U@D=\dimen103
)
\l@british = a dialect from \language\l@english 
\l@UKenglish = a dialect from \language\l@english 
\l@canadian = a dialect from \language\l@american 
\l@australian = a dialect from \language\l@british 
\l@newzealand = a dialect from \language\l@british 
))
(/usr/share/texlive/texmf-dist/tex/latex/amsmath/amsmath.sty
Package: amsmath 2016/03/03 v2.15a AMS math features
\@mathmargin=\skip43

For additional information on amsmath, use the `?' option.
(/usr/share/texlive/texmf-dist/tex/latex/amsmath/amstext.sty
Package: amstext 2000/06/29 v2.01 AMS text

(/usr/share/texlive/texmf-dist/tex/latex/amsmath/amsgen.sty
File: amsgen.sty 1999/11/30 v2.0 generic functions
\@emptytoks=\toks16
\ex@=\dimen104
))
(/usr/share/texlive/texmf-dist/tex/latex/amsmath/amsbsy.sty
Package: amsbsy 1999/11/29 v1.2d Bold Symbols
\pmbraise@=\dimen105
)
(/usr/share/texlive/texmf-dist/tex/latex/amsmath/amsopn.sty
Package: amsopn 1999/12/14 v2.01 operator names
)
\inf@bad=\count88
LaTeX Info: Redefining \frac on input line 199.
\uproot@=\count89
\leftroot@=\count90
LaTeX Info: Redefining \overline on input line 297.
\classnum@=\count91
\DOTSCASE@=\count92
LaTeX Info: Redefining \ldots on input line 394.
LaTeX Info: Redefining \dots on input line 397.
LaTeX Info: Redefining \cdots on input line 518.
\Mathstrutbox@=\box26
\strutbox@=\box27
\big@size=\dimen106
LaTeX Font Info:    Redeclaring font encoding OML on input line 630.
LaTeX Font Info:    Redeclaring font encoding OMS on input line 631.
\macc@depth=\count93
\c@MaxMatrixCols=\count94
\dotsspace@=\muskip10
\c@parentequation=\count95
\dspbrk@lvl=\count96
\tag@help=\toks17
\row@=\count97
\column@=\count98
\maxfields@=\count99
\andhelp@=\toks18
\eqnshift@=\dimen107
\alignsep@=\dimen108
\tagshift@=\dimen109
\tagwidth@=\dimen110
\totwidth@=\dimen111
\lineht@=\dimen112
\@envbody=\toks19
\multlinegap=\skip44
\multlinetaggap=\skip45
\mathdisplay@stack=\toks20
LaTeX Info: Redefining \[ on input line 2735.
LaTeX Info: Redefining \] on input line 2736.
)
(/usr/share/texlive/texmf-dist/tex/latex/amsfonts/amssymb.sty
Package: amssymb 2013/01/14 v3.01 AMS font symbols

(/usr/share/texlive/texmf-dist/tex/latex/amsfonts/amsfonts.sty
Package: amsfonts 2013/01/14 v3.01 Basic AMSFonts support
\symAMSa=\mathgroup4
\symAMSb=\mathgroup5
LaTeX Font Info:    Overwriting math alphabet `\mathfrak' in version `bold'
(Font)                  U/euf/m/n --> U/euf/b/n on input line 106.
))
(./REU_Tutorial_2017.aux)
\openout1 = `REU_Tutorial_2017.aux'.

LaTeX Font Info:    Checking defaults for OML/cmm/m/it on input line 10.
LaTeX Font Info:    ... okay on input line 10.
LaTeX Font Info:    Checking defaults for T1/cmr/m/n on input line 10.
LaTeX Font Info:    ... okay on input line 10.
LaTeX Font Info:    Checking defaults for OT1/cmr/m/n on input line 10.
LaTeX Font Info:    ... okay on input line 10.
LaTeX Font Info:    Checking defaults for OMS/cmsy/m/n on input line 10.
LaTeX Font Info:    ... okay on input line 10.
LaTeX Font Info:    Checking defaults for OMX/cmex/m/n on input line 10.
LaTeX Font Info:    ... okay on input line 10.
LaTeX Font Info:    Checking defaults for U/cmr/m/n on input line 10.
LaTeX Font Info:    ... okay on input line 10.
LaTeX Font Info:    Try loading font information for U+msa on input line 20.

(/usr/share/texlive/texmf-dist/tex/latex/amsfonts/umsa.fd
File: umsa.fd 2013/01/14 v3.01 AMS symbols A
)
LaTeX Font Info:    Try loading font information for U+msb on input line 20.

(/usr/share/texlive/texmf-dist/tex/latex/amsfonts/umsb.fd
File: umsb.fd 2013/01/14 v3.01 AMS symbols B
)
Overfull \hbox (39.75877pt too wide) in paragraph at lines 20--20
 [][] 
 []

[1

{/var/lib/texmf/fonts/map/pdftex/updmap/pdftex.map}]
LaTeX Font Info:    Try loading font information for OMS+cmr on input line 32.

(/usr/share/texlive/texmf-dist/tex/latex/base/omscmr.fd
File: omscmr.fd 2014/09/29 v2.5h Standard LaTeX font definitions
)
LaTeX Font Info:    Font shape `OMS/cmr/m/n' in size <10> not available
(Font)              Font shape `OMS/cmsy/m/n' tried instead on input line 32.
 [2

]
Overfull \hbox (10.05832pt too wide) in paragraph at lines 72--79
\T1/cmr/m/n/10 ``scp file-name colten1@machine.physics.illinois.edu:/home/colte
n1/Desktop'',
 []

[3]
Overfull \hbox (109.60196pt too wide) in paragraph at lines 118--122
\T1/cmr/m/n/10 as Blue Wa-ters. You are en-cour-aged to read the man-u-als at h
ttps://wci.llnl.gov/codes/visit/manuals.html
 []


Overfull \hbox (83.82626pt too wide) in paragraph at lines 124--128
[]\T1/cmr/m/n/10 Familiarize your-self with the VTK file for-mat. Read this. ht
tp://www.vtk.org/VTK/img/file-
 []

[4]
Overfull \hbox (50.10947pt too wide) in paragraph at lines 154--155
[]\T1/cmr/m/n/10 Useful equa-tions can be found: http://en.wikipedia.org/wiki/M
agnetic_moment 
 []

[5] [6] [7]
Overfull \hbox (62.60104pt too wide) in paragraph at lines 287--289
[]\T1/cmr/m/n/10 Add the script `batch-set-alph.scm to  /.gimp-BLAHBLAHVERSIONN
UMBER/scripts/
 []

[8]
Overfull \hbox (9.09872pt too wide) in paragraph at lines 324--338
\T1/cmr/m/n/10 func-tion that will do this for you. Maybe its called Open-Datab
ase(databaseName).
 []


Overfull \hbox (5.60883pt too wide) in paragraph at lines 324--338
\T1/cmr/m/n/10 ``/home/projects/TutorialData/myfilename_*.vtk database'' Make s
ure that your
 []

[9] [10] [11] [12] (./REU_Tutorial_2017.aux) ) 
Here is how much of TeX's memory you used:
 1834 strings out of 494953
 20646 string characters out of 6180978
 78790 words of memory out of 5000000
 5122 multiletter control sequences out of 15000+600000
 19124 words of font info for 52 fonts, out of 8000000 for 9000
 14 hyphenation exceptions out of 8191
 27i,10n,26p,1075b,255s stack positions out of 5000i,500n,10000p,200000b,80000s
 </home/colten1/.texmf-var/fonts/
pk/ljfour/jknappen/ec/ecrm0800.600pk> </home/colten1/.texmf-var/fonts/pk/ljfour
/jknappen/ec/ecrm0600.600pk> </home/colten1/.texmf-var/fonts/pk/ljfour/jknappen
/ec/ecrm0700.600pk> </home/colten1/.texmf-var/fonts/pk/ljfour/jknappen/ec/ecti1
000.600pk> </home/colten1/.texmf-var/fonts/pk/ljfour/jknappen/ec/ecbx1200.600pk
> </home/colten1/.texmf-var/fonts/pk/ljfour/jknappen/ec/ecbx1000.600pk> </home/
colten1/.texmf-var/fonts/pk/ljfour/jknappen/ec/ecbx1440.600pk> </home/colten1/.
texmf-var/fonts/pk/ljfour/jknappen/ec/ecrm1000.600pk> </home/colten1/.texmf-var
/fonts/pk/ljfour/jknappen/ec/ecrm1200.600pk> </home/colten1/.texmf-var/fonts/pk
/ljfour/jknappen/ec/ecrm1728.600pk></usr/share/texlive/texmf-dist/fonts/type1/p
ublic/amsfonts/cm/cmex10.pfb></usr/share/texlive/texmf-dist/fonts/type1/public/
amsfonts/cm/cmmi10.pfb></usr/share/texlive/texmf-dist/fonts/type1/public/amsfon
ts/cm/cmmi12.pfb></usr/share/texlive/texmf-dist/fonts/type1/public/amsfonts/cm/
cmmi5.pfb></usr/share/texlive/texmf-dist/fonts/type1/public/amsfonts/cm/cmmi7.p
fb></usr/share/texlive/texmf-dist/fonts/type1/public/amsfonts/cm/cmr10.pfb></us
r/share/texlive/texmf-dist/fonts/type1/public/amsfonts/cm/cmr5.pfb></usr/share/
texlive/texmf-dist/fonts/type1/public/amsfonts/cm/cmr7.pfb></usr/share/texlive/
texmf-dist/fonts/type1/public/amsfonts/cm/cmr8.pfb></usr/share/texlive/texmf-di
st/fonts/type1/public/amsfonts/cm/cmsy10.pfb></usr/share/texlive/texmf-dist/fon
ts/type1/public/amsfonts/cm/cmsy5.pfb></usr/share/texlive/texmf-dist/fonts/type
1/public/amsfonts/cm/cmsy7.pfb></usr/share/texlive/texmf-dist/fonts/type1/publi
c/amsfonts/cm/cmsy8.pfb>
Output written on REU_Tutorial_2017.pdf (12 pages, 223165 bytes).
PDF statistics:
 423 PDF objects out of 1000 (max. 8388607)
 107 compressed objects within 2 object streams
 0 named destinations out of 1000 (max. 500000)
 1 words of extra memory for PDF output out of 10000 (max. 10000000)

